Determining if the Q_WS_WIN exist failed with the following output:
Change Dir: /home/salabeta/robocomp/components/robotica_ivan_enrique/Componente2/CMakeFiles/CMakeTmp

Run Build Command:"/usr/bin/make" "cmTC_8a151/fast"
/usr/bin/make -f CMakeFiles/cmTC_8a151.dir/build.make CMakeFiles/cmTC_8a151.dir/build
make[1]: se entra en el directorio '/home/salabeta/robocomp/components/robotica_ivan_enrique/Componente2/CMakeFiles/CMakeTmp'
Building CXX object CMakeFiles/cmTC_8a151.dir/CheckSymbolExists.cxx.o
/usr/bin/c++   -I/usr/include/qt4   -o CMakeFiles/cmTC_8a151.dir/CheckSymbolExists.cxx.o -c /home/salabeta/robocomp/components/robotica_ivan_enrique/Componente2/CMakeFiles/CMakeTmp/CheckSymbolExists.cxx
/home/salabeta/robocomp/components/robotica_ivan_enrique/Componente2/CMakeFiles/CMakeTmp/CheckSymbolExists.cxx: In function ‘int main(int, char**)’:
/home/salabeta/robocomp/components/robotica_ivan_enrique/Componente2/CMakeFiles/CMakeTmp/CheckSymbolExists.cxx:8:19: error: ‘Q_WS_WIN’ was not declared in this scope
   return ((int*)(&Q_WS_WIN))[argc];
                   ^~~~~~~~
/home/salabeta/robocomp/components/robotica_ivan_enrique/Componente2/CMakeFiles/CMakeTmp/CheckSymbolExists.cxx:8:19: note: suggested alternative: ‘Q_WS_X11’
   return ((int*)(&Q_WS_WIN))[argc];
                   ^~~~~~~~
                   Q_WS_X11
CMakeFiles/cmTC_8a151.dir/build.make:65: recipe for target 'CMakeFiles/cmTC_8a151.dir/CheckSymbolExists.cxx.o' failed
make[1]: *** [CMakeFiles/cmTC_8a151.dir/CheckSymbolExists.cxx.o] Error 1
make[1]: se sale del directorio '/home/salabeta/robocomp/components/robotica_ivan_enrique/Componente2/CMakeFiles/CMakeTmp'
Makefile:126: recipe for target 'cmTC_8a151/fast' failed
make: *** [cmTC_8a151/fast] Error 2

File /home/salabeta/robocomp/components/robotica_ivan_enrique/Componente2/CMakeFiles/CMakeTmp/CheckSymbolExists.cxx:
/* */
#include <QtCore/qglobal.h>

int main(int argc, char** argv)
{
  (void)argv;
#ifndef Q_WS_WIN
  return ((int*)(&Q_WS_WIN))[argc];
#else
  (void)argc;
  return 0;
#endif
}

Determining if the Q_WS_QWS exist failed with the following output:
Change Dir: /home/salabeta/robocomp/components/robotica_ivan_enrique/Componente2/CMakeFiles/CMakeTmp

Run Build Command:"/usr/bin/make" "cmTC_64753/fast"
/usr/bin/make -f CMakeFiles/cmTC_64753.dir/build.make CMakeFiles/cmTC_64753.dir/build
make[1]: se entra en el directorio '/home/salabeta/robocomp/components/robotica_ivan_enrique/Componente2/CMakeFiles/CMakeTmp'
Building CXX object CMakeFiles/cmTC_64753.dir/CheckSymbolExists.cxx.o
/usr/bin/c++   -I/usr/include/qt4   -o CMakeFiles/cmTC_64753.dir/CheckSymbolExists.cxx.o -c /home/salabeta/robocomp/components/robotica_ivan_enrique/Componente2/CMakeFiles/CMakeTmp/CheckSymbolExists.cxx
/home/salabeta/robocomp/components/robotica_ivan_enrique/Componente2/CMakeFiles/CMakeTmp/CheckSymbolExists.cxx: In function ‘int main(int, char**)’:
/home/salabeta/robocomp/components/robotica_ivan_enrique/Componente2/CMakeFiles/CMakeTmp/CheckSymbolExists.cxx:8:19: error: ‘Q_WS_QWS’ was not declared in this scope
   return ((int*)(&Q_WS_QWS))[argc];
                   ^~~~~~~~
/home/salabeta/robocomp/components/robotica_ivan_enrique/Componente2/CMakeFiles/CMakeTmp/CheckSymbolExists.cxx:8:19: note: suggested alternative: ‘Q_WS_X11’
   return ((int*)(&Q_WS_QWS))[argc];
                   ^~~~~~~~
                   Q_WS_X11
CMakeFiles/cmTC_64753.dir/build.make:65: recipe for target 'CMakeFiles/cmTC_64753.dir/CheckSymbolExists.cxx.o' failed
make[1]: *** [CMakeFiles/cmTC_64753.dir/CheckSymbolExists.cxx.o] Error 1
make[1]: se sale del directorio '/home/salabeta/robocomp/components/robotica_ivan_enrique/Componente2/CMakeFiles/CMakeTmp'
Makefile:126: recipe for target 'cmTC_64753/fast' failed
make: *** [cmTC_64753/fast] Error 2

File /home/salabeta/robocomp/components/robotica_ivan_enrique/Componente2/CMakeFiles/CMakeTmp/CheckSymbolExists.cxx:
/* */
#include <QtCore/qglobal.h>

int main(int argc, char** argv)
{
  (void)argv;
#ifndef Q_WS_QWS
  return ((int*)(&Q_WS_QWS))[argc];
#else
  (void)argc;
  return 0;
#endif
}

Determining if the Q_WS_MAC exist failed with the following output:
Change Dir: /home/salabeta/robocomp/components/robotica_ivan_enrique/Componente2/CMakeFiles/CMakeTmp

Run Build Command:"/usr/bin/make" "cmTC_be9a7/fast"
/usr/bin/make -f CMakeFiles/cmTC_be9a7.dir/build.make CMakeFiles/cmTC_be9a7.dir/build
make[1]: se entra en el directorio '/home/salabeta/robocomp/components/robotica_ivan_enrique/Componente2/CMakeFiles/CMakeTmp'
Building CXX object CMakeFiles/cmTC_be9a7.dir/CheckSymbolExists.cxx.o
/usr/bin/c++   -I/usr/include/qt4   -o CMakeFiles/cmTC_be9a7.dir/CheckSymbolExists.cxx.o -c /home/salabeta/robocomp/components/robotica_ivan_enrique/Componente2/CMakeFiles/CMakeTmp/CheckSymbolExists.cxx
/home/salabeta/robocomp/components/robotica_ivan_enrique/Componente2/CMakeFiles/CMakeTmp/CheckSymbolExists.cxx: In function ‘int main(int, char**)’:
/home/salabeta/robocomp/components/robotica_ivan_enrique/Componente2/CMakeFiles/CMakeTmp/CheckSymbolExists.cxx:8:19: error: ‘Q_WS_MAC’ was not declared in this scope
   return ((int*)(&Q_WS_MAC))[argc];
                   ^~~~~~~~
/home/salabeta/robocomp/components/robotica_ivan_enrique/Componente2/CMakeFiles/CMakeTmp/CheckSymbolExists.cxx:8:19: note: suggested alternative: ‘Q_WS_X11’
   return ((int*)(&Q_WS_MAC))[argc];
                   ^~~~~~~~
                   Q_WS_X11
CMakeFiles/cmTC_be9a7.dir/build.make:65: recipe for target 'CMakeFiles/cmTC_be9a7.dir/CheckSymbolExists.cxx.o' failed
make[1]: *** [CMakeFiles/cmTC_be9a7.dir/CheckSymbolExists.cxx.o] Error 1
make[1]: se sale del directorio '/home/salabeta/robocomp/components/robotica_ivan_enrique/Componente2/CMakeFiles/CMakeTmp'
Makefile:126: recipe for target 'cmTC_be9a7/fast' failed
make: *** [cmTC_be9a7/fast] Error 2

File /home/salabeta/robocomp/components/robotica_ivan_enrique/Componente2/CMakeFiles/CMakeTmp/CheckSymbolExists.cxx:
/* */
#include <QtCore/qglobal.h>

int main(int argc, char** argv)
{
  (void)argv;
#ifndef Q_WS_MAC
  return ((int*)(&Q_WS_MAC))[argc];
#else
  (void)argc;
  return 0;
#endif
}

Determining if the pthread_create exist failed with the following output:
Change Dir: /home/salabeta/robocomp/components/robotica_ivan_enrique/Componente2/CMakeFiles/CMakeTmp

Run Build Command:"/usr/bin/make" "cmTC_d3aaa/fast"
/usr/bin/make -f CMakeFiles/cmTC_d3aaa.dir/build.make CMakeFiles/cmTC_d3aaa.dir/build
make[1]: se entra en el directorio '/home/salabeta/robocomp/components/robotica_ivan_enrique/Componente2/CMakeFiles/CMakeTmp'
Building C object CMakeFiles/cmTC_d3aaa.dir/CheckSymbolExists.c.o
/usr/bin/cc    -o CMakeFiles/cmTC_d3aaa.dir/CheckSymbolExists.c.o   -c /home/salabeta/robocomp/components/robotica_ivan_enrique/Componente2/CMakeFiles/CMakeTmp/CheckSymbolExists.c
Linking C executable cmTC_d3aaa
/usr/bin/cmake -E cmake_link_script CMakeFiles/cmTC_d3aaa.dir/link.txt --verbose=1
/usr/bin/cc      -rdynamic CMakeFiles/cmTC_d3aaa.dir/CheckSymbolExists.c.o  -o cmTC_d3aaa 
CMakeFiles/cmTC_d3aaa.dir/CheckSymbolExists.c.o: En la función `main':
CheckSymbolExists.c:(.text+0x1b): referencia a `pthread_create' sin definir
collect2: error: ld returned 1 exit status
CMakeFiles/cmTC_d3aaa.dir/build.make:97: recipe for target 'cmTC_d3aaa' failed
make[1]: *** [cmTC_d3aaa] Error 1
make[1]: se sale del directorio '/home/salabeta/robocomp/components/robotica_ivan_enrique/Componente2/CMakeFiles/CMakeTmp'
Makefile:126: recipe for target 'cmTC_d3aaa/fast' failed
make: *** [cmTC_d3aaa/fast] Error 2

File /home/salabeta/robocomp/components/robotica_ivan_enrique/Componente2/CMakeFiles/CMakeTmp/CheckSymbolExists.c:
/* */
#include <pthread.h>

int main(int argc, char** argv)
{
  (void)argv;
#ifndef pthread_create
  return ((int*)(&pthread_create))[argc];
#else
  (void)argc;
  return 0;
#endif
}

Determining if the function pthread_create exists in the pthreads failed with the following output:
Change Dir: /home/salabeta/robocomp/components/robotica_ivan_enrique/Componente2/CMakeFiles/CMakeTmp

Run Build Command:"/usr/bin/make" "cmTC_13e9e/fast"
/usr/bin/make -f CMakeFiles/cmTC_13e9e.dir/build.make CMakeFiles/cmTC_13e9e.dir/build
make[1]: se entra en el directorio '/home/salabeta/robocomp/components/robotica_ivan_enrique/Componente2/CMakeFiles/CMakeTmp'
Building C object CMakeFiles/cmTC_13e9e.dir/CheckFunctionExists.c.o
/usr/bin/cc   -DCHECK_FUNCTION_EXISTS=pthread_create   -o CMakeFiles/cmTC_13e9e.dir/CheckFunctionExists.c.o   -c /usr/share/cmake-3.10/Modules/CheckFunctionExists.c
Linking C executable cmTC_13e9e
/usr/bin/cmake -E cmake_link_script CMakeFiles/cmTC_13e9e.dir/link.txt --verbose=1
/usr/bin/cc  -DCHECK_FUNCTION_EXISTS=pthread_create    -rdynamic CMakeFiles/cmTC_13e9e.dir/CheckFunctionExists.c.o  -o cmTC_13e9e -lpthreads 
/usr/bin/ld: no se puede encontrar -lpthreads
collect2: error: ld returned 1 exit status
CMakeFiles/cmTC_13e9e.dir/build.make:97: recipe for target 'cmTC_13e9e' failed
make[1]: *** [cmTC_13e9e] Error 1
make[1]: se sale del directorio '/home/salabeta/robocomp/components/robotica_ivan_enrique/Componente2/CMakeFiles/CMakeTmp'
Makefile:126: recipe for target 'cmTC_13e9e/fast' failed
make: *** [cmTC_13e9e/fast] Error 2


