Determining if the Q_WS_WIN exist failed with the following output:
Change Dir: /home/salabeta/robocomp/components/robotica_ivan_enrique/componente1/CMakeFiles/CMakeTmp

Run Build Command:"/usr/bin/make" "cmTC_d1f14/fast"
/usr/bin/make -f CMakeFiles/cmTC_d1f14.dir/build.make CMakeFiles/cmTC_d1f14.dir/build
make[1]: se entra en el directorio '/home/salabeta/robocomp/components/robotica_ivan_enrique/componente1/CMakeFiles/CMakeTmp'
Building CXX object CMakeFiles/cmTC_d1f14.dir/CheckSymbolExists.cxx.o
/usr/bin/c++   -I/usr/include/qt4   -o CMakeFiles/cmTC_d1f14.dir/CheckSymbolExists.cxx.o -c /home/salabeta/robocomp/components/robotica_ivan_enrique/componente1/CMakeFiles/CMakeTmp/CheckSymbolExists.cxx
/home/salabeta/robocomp/components/robotica_ivan_enrique/componente1/CMakeFiles/CMakeTmp/CheckSymbolExists.cxx: In function ‘int main(int, char**)’:
/home/salabeta/robocomp/components/robotica_ivan_enrique/componente1/CMakeFiles/CMakeTmp/CheckSymbolExists.cxx:8:19: error: ‘Q_WS_WIN’ was not declared in this scope
   return ((int*)(&Q_WS_WIN))[argc];
                   ^~~~~~~~
/home/salabeta/robocomp/components/robotica_ivan_enrique/componente1/CMakeFiles/CMakeTmp/CheckSymbolExists.cxx:8:19: note: suggested alternative: ‘Q_WS_X11’
   return ((int*)(&Q_WS_WIN))[argc];
                   ^~~~~~~~
                   Q_WS_X11
CMakeFiles/cmTC_d1f14.dir/build.make:65: recipe for target 'CMakeFiles/cmTC_d1f14.dir/CheckSymbolExists.cxx.o' failed
make[1]: *** [CMakeFiles/cmTC_d1f14.dir/CheckSymbolExists.cxx.o] Error 1
make[1]: se sale del directorio '/home/salabeta/robocomp/components/robotica_ivan_enrique/componente1/CMakeFiles/CMakeTmp'
Makefile:126: recipe for target 'cmTC_d1f14/fast' failed
make: *** [cmTC_d1f14/fast] Error 2

File /home/salabeta/robocomp/components/robotica_ivan_enrique/componente1/CMakeFiles/CMakeTmp/CheckSymbolExists.cxx:
/* */
#include <QtCore/qglobal.h>

int main(int argc, char** argv)
{
  (void)argv;
#ifndef Q_WS_WIN
  return ((int*)(&Q_WS_WIN))[argc];
#else
  (void)argc;
  return 0;
#endif
}

Determining if the Q_WS_QWS exist failed with the following output:
Change Dir: /home/salabeta/robocomp/components/robotica_ivan_enrique/componente1/CMakeFiles/CMakeTmp

Run Build Command:"/usr/bin/make" "cmTC_ea2be/fast"
/usr/bin/make -f CMakeFiles/cmTC_ea2be.dir/build.make CMakeFiles/cmTC_ea2be.dir/build
make[1]: se entra en el directorio '/home/salabeta/robocomp/components/robotica_ivan_enrique/componente1/CMakeFiles/CMakeTmp'
Building CXX object CMakeFiles/cmTC_ea2be.dir/CheckSymbolExists.cxx.o
/usr/bin/c++   -I/usr/include/qt4   -o CMakeFiles/cmTC_ea2be.dir/CheckSymbolExists.cxx.o -c /home/salabeta/robocomp/components/robotica_ivan_enrique/componente1/CMakeFiles/CMakeTmp/CheckSymbolExists.cxx
/home/salabeta/robocomp/components/robotica_ivan_enrique/componente1/CMakeFiles/CMakeTmp/CheckSymbolExists.cxx: In function ‘int main(int, char**)’:
/home/salabeta/robocomp/components/robotica_ivan_enrique/componente1/CMakeFiles/CMakeTmp/CheckSymbolExists.cxx:8:19: error: ‘Q_WS_QWS’ was not declared in this scope
   return ((int*)(&Q_WS_QWS))[argc];
                   ^~~~~~~~
/home/salabeta/robocomp/components/robotica_ivan_enrique/componente1/CMakeFiles/CMakeTmp/CheckSymbolExists.cxx:8:19: note: suggested alternative: ‘Q_WS_X11’
   return ((int*)(&Q_WS_QWS))[argc];
                   ^~~~~~~~
                   Q_WS_X11
CMakeFiles/cmTC_ea2be.dir/build.make:65: recipe for target 'CMakeFiles/cmTC_ea2be.dir/CheckSymbolExists.cxx.o' failed
make[1]: *** [CMakeFiles/cmTC_ea2be.dir/CheckSymbolExists.cxx.o] Error 1
make[1]: se sale del directorio '/home/salabeta/robocomp/components/robotica_ivan_enrique/componente1/CMakeFiles/CMakeTmp'
Makefile:126: recipe for target 'cmTC_ea2be/fast' failed
make: *** [cmTC_ea2be/fast] Error 2

File /home/salabeta/robocomp/components/robotica_ivan_enrique/componente1/CMakeFiles/CMakeTmp/CheckSymbolExists.cxx:
/* */
#include <QtCore/qglobal.h>

int main(int argc, char** argv)
{
  (void)argv;
#ifndef Q_WS_QWS
  return ((int*)(&Q_WS_QWS))[argc];
#else
  (void)argc;
  return 0;
#endif
}

Determining if the Q_WS_MAC exist failed with the following output:
Change Dir: /home/salabeta/robocomp/components/robotica_ivan_enrique/componente1/CMakeFiles/CMakeTmp

Run Build Command:"/usr/bin/make" "cmTC_3fd1b/fast"
/usr/bin/make -f CMakeFiles/cmTC_3fd1b.dir/build.make CMakeFiles/cmTC_3fd1b.dir/build
make[1]: se entra en el directorio '/home/salabeta/robocomp/components/robotica_ivan_enrique/componente1/CMakeFiles/CMakeTmp'
Building CXX object CMakeFiles/cmTC_3fd1b.dir/CheckSymbolExists.cxx.o
/usr/bin/c++   -I/usr/include/qt4   -o CMakeFiles/cmTC_3fd1b.dir/CheckSymbolExists.cxx.o -c /home/salabeta/robocomp/components/robotica_ivan_enrique/componente1/CMakeFiles/CMakeTmp/CheckSymbolExists.cxx
/home/salabeta/robocomp/components/robotica_ivan_enrique/componente1/CMakeFiles/CMakeTmp/CheckSymbolExists.cxx: In function ‘int main(int, char**)’:
/home/salabeta/robocomp/components/robotica_ivan_enrique/componente1/CMakeFiles/CMakeTmp/CheckSymbolExists.cxx:8:19: error: ‘Q_WS_MAC’ was not declared in this scope
   return ((int*)(&Q_WS_MAC))[argc];
                   ^~~~~~~~
/home/salabeta/robocomp/components/robotica_ivan_enrique/componente1/CMakeFiles/CMakeTmp/CheckSymbolExists.cxx:8:19: note: suggested alternative: ‘Q_WS_X11’
   return ((int*)(&Q_WS_MAC))[argc];
                   ^~~~~~~~
                   Q_WS_X11
CMakeFiles/cmTC_3fd1b.dir/build.make:65: recipe for target 'CMakeFiles/cmTC_3fd1b.dir/CheckSymbolExists.cxx.o' failed
make[1]: *** [CMakeFiles/cmTC_3fd1b.dir/CheckSymbolExists.cxx.o] Error 1
make[1]: se sale del directorio '/home/salabeta/robocomp/components/robotica_ivan_enrique/componente1/CMakeFiles/CMakeTmp'
Makefile:126: recipe for target 'cmTC_3fd1b/fast' failed
make: *** [cmTC_3fd1b/fast] Error 2

File /home/salabeta/robocomp/components/robotica_ivan_enrique/componente1/CMakeFiles/CMakeTmp/CheckSymbolExists.cxx:
/* */
#include <QtCore/qglobal.h>

int main(int argc, char** argv)
{
  (void)argv;
#ifndef Q_WS_MAC
  return ((int*)(&Q_WS_MAC))[argc];
#else
  (void)argc;
  return 0;
#endif
}

Determining if the pthread_create exist failed with the following output:
Change Dir: /home/salabeta/robocomp/components/robotica_ivan_enrique/componente1/CMakeFiles/CMakeTmp

Run Build Command:"/usr/bin/make" "cmTC_3ff59/fast"
/usr/bin/make -f CMakeFiles/cmTC_3ff59.dir/build.make CMakeFiles/cmTC_3ff59.dir/build
make[1]: se entra en el directorio '/home/salabeta/robocomp/components/robotica_ivan_enrique/componente1/CMakeFiles/CMakeTmp'
Building C object CMakeFiles/cmTC_3ff59.dir/CheckSymbolExists.c.o
/usr/bin/cc    -o CMakeFiles/cmTC_3ff59.dir/CheckSymbolExists.c.o   -c /home/salabeta/robocomp/components/robotica_ivan_enrique/componente1/CMakeFiles/CMakeTmp/CheckSymbolExists.c
Linking C executable cmTC_3ff59
/usr/bin/cmake -E cmake_link_script CMakeFiles/cmTC_3ff59.dir/link.txt --verbose=1
/usr/bin/cc      -rdynamic CMakeFiles/cmTC_3ff59.dir/CheckSymbolExists.c.o  -o cmTC_3ff59 
CMakeFiles/cmTC_3ff59.dir/CheckSymbolExists.c.o: En la función `main':
CheckSymbolExists.c:(.text+0x1b): referencia a `pthread_create' sin definir
collect2: error: ld returned 1 exit status
CMakeFiles/cmTC_3ff59.dir/build.make:97: recipe for target 'cmTC_3ff59' failed
make[1]: *** [cmTC_3ff59] Error 1
make[1]: se sale del directorio '/home/salabeta/robocomp/components/robotica_ivan_enrique/componente1/CMakeFiles/CMakeTmp'
Makefile:126: recipe for target 'cmTC_3ff59/fast' failed
make: *** [cmTC_3ff59/fast] Error 2

File /home/salabeta/robocomp/components/robotica_ivan_enrique/componente1/CMakeFiles/CMakeTmp/CheckSymbolExists.c:
/* */
#include <pthread.h>

int main(int argc, char** argv)
{
  (void)argv;
#ifndef pthread_create
  return ((int*)(&pthread_create))[argc];
#else
  (void)argc;
  return 0;
#endif
}

Determining if the function pthread_create exists in the pthreads failed with the following output:
Change Dir: /home/salabeta/robocomp/components/robotica_ivan_enrique/componente1/CMakeFiles/CMakeTmp

Run Build Command:"/usr/bin/make" "cmTC_aed67/fast"
/usr/bin/make -f CMakeFiles/cmTC_aed67.dir/build.make CMakeFiles/cmTC_aed67.dir/build
make[1]: se entra en el directorio '/home/salabeta/robocomp/components/robotica_ivan_enrique/componente1/CMakeFiles/CMakeTmp'
Building C object CMakeFiles/cmTC_aed67.dir/CheckFunctionExists.c.o
/usr/bin/cc   -DCHECK_FUNCTION_EXISTS=pthread_create   -o CMakeFiles/cmTC_aed67.dir/CheckFunctionExists.c.o   -c /usr/share/cmake-3.10/Modules/CheckFunctionExists.c
Linking C executable cmTC_aed67
/usr/bin/cmake -E cmake_link_script CMakeFiles/cmTC_aed67.dir/link.txt --verbose=1
/usr/bin/cc  -DCHECK_FUNCTION_EXISTS=pthread_create    -rdynamic CMakeFiles/cmTC_aed67.dir/CheckFunctionExists.c.o  -o cmTC_aed67 -lpthreads 
/usr/bin/ld: no se puede encontrar -lpthreads
collect2: error: ld returned 1 exit status
CMakeFiles/cmTC_aed67.dir/build.make:97: recipe for target 'cmTC_aed67' failed
make[1]: *** [cmTC_aed67] Error 1
make[1]: se sale del directorio '/home/salabeta/robocomp/components/robotica_ivan_enrique/componente1/CMakeFiles/CMakeTmp'
Makefile:126: recipe for target 'cmTC_aed67/fast' failed
make: *** [cmTC_aed67/fast] Error 2


