Determining if the pthread_create exist failed with the following output:
Change Dir: /home/salabeta/robocomp/components/robotica_ivan_enrique/roombaClaymore/CMakeFiles/CMakeTmp

Run Build Command:"/usr/bin/make" "cmTC_59ee7/fast"
/usr/bin/make -f CMakeFiles/cmTC_59ee7.dir/build.make CMakeFiles/cmTC_59ee7.dir/build
make[1]: se entra en el directorio '/home/salabeta/robocomp/components/robotica_ivan_enrique/roombaClaymore/CMakeFiles/CMakeTmp'
Building C object CMakeFiles/cmTC_59ee7.dir/CheckSymbolExists.c.o
/usr/bin/cc    -o CMakeFiles/cmTC_59ee7.dir/CheckSymbolExists.c.o   -c /home/salabeta/robocomp/components/robotica_ivan_enrique/roombaClaymore/CMakeFiles/CMakeTmp/CheckSymbolExists.c
Linking C executable cmTC_59ee7
/usr/bin/cmake -E cmake_link_script CMakeFiles/cmTC_59ee7.dir/link.txt --verbose=1
/usr/bin/cc      -rdynamic CMakeFiles/cmTC_59ee7.dir/CheckSymbolExists.c.o  -o cmTC_59ee7 
CMakeFiles/cmTC_59ee7.dir/CheckSymbolExists.c.o: En la función `main':
CheckSymbolExists.c:(.text+0x1b): referencia a `pthread_create' sin definir
collect2: error: ld returned 1 exit status
CMakeFiles/cmTC_59ee7.dir/build.make:97: recipe for target 'cmTC_59ee7' failed
make[1]: *** [cmTC_59ee7] Error 1
make[1]: se sale del directorio '/home/salabeta/robocomp/components/robotica_ivan_enrique/roombaClaymore/CMakeFiles/CMakeTmp'
Makefile:126: recipe for target 'cmTC_59ee7/fast' failed
make: *** [cmTC_59ee7/fast] Error 2

File /home/salabeta/robocomp/components/robotica_ivan_enrique/roombaClaymore/CMakeFiles/CMakeTmp/CheckSymbolExists.c:
/* */
#include <pthread.h>

int main(int argc, char** argv)
{
  (void)argv;
#ifndef pthread_create
  return ((int*)(&pthread_create))[argc];
#else
  (void)argc;
  return 0;
#endif
}

Determining if the function pthread_create exists in the pthreads failed with the following output:
Change Dir: /home/salabeta/robocomp/components/robotica_ivan_enrique/roombaClaymore/CMakeFiles/CMakeTmp

Run Build Command:"/usr/bin/make" "cmTC_29c70/fast"
/usr/bin/make -f CMakeFiles/cmTC_29c70.dir/build.make CMakeFiles/cmTC_29c70.dir/build
make[1]: se entra en el directorio '/home/salabeta/robocomp/components/robotica_ivan_enrique/roombaClaymore/CMakeFiles/CMakeTmp'
Building C object CMakeFiles/cmTC_29c70.dir/CheckFunctionExists.c.o
/usr/bin/cc   -DCHECK_FUNCTION_EXISTS=pthread_create   -o CMakeFiles/cmTC_29c70.dir/CheckFunctionExists.c.o   -c /usr/share/cmake-3.10/Modules/CheckFunctionExists.c
Linking C executable cmTC_29c70
/usr/bin/cmake -E cmake_link_script CMakeFiles/cmTC_29c70.dir/link.txt --verbose=1
/usr/bin/cc  -DCHECK_FUNCTION_EXISTS=pthread_create    -rdynamic CMakeFiles/cmTC_29c70.dir/CheckFunctionExists.c.o  -o cmTC_29c70 -lpthreads 
/usr/bin/ld: no se puede encontrar -lpthreads
collect2: error: ld returned 1 exit status
CMakeFiles/cmTC_29c70.dir/build.make:97: recipe for target 'cmTC_29c70' failed
make[1]: *** [cmTC_29c70] Error 1
make[1]: se sale del directorio '/home/salabeta/robocomp/components/robotica_ivan_enrique/roombaClaymore/CMakeFiles/CMakeTmp'
Makefile:126: recipe for target 'cmTC_29c70/fast' failed
make: *** [cmTC_29c70/fast] Error 2


Determining if the Q_WS_WIN exist failed with the following output:
Change Dir: /home/salabeta/robocomp/components/robotica_ivan_enrique/roombaClaymore/CMakeFiles/CMakeTmp

Run Build Command:"/usr/bin/make" "cmTC_8d854/fast"
/usr/bin/make -f CMakeFiles/cmTC_8d854.dir/build.make CMakeFiles/cmTC_8d854.dir/build
make[1]: se entra en el directorio '/home/salabeta/robocomp/components/robotica_ivan_enrique/roombaClaymore/CMakeFiles/CMakeTmp'
Building CXX object CMakeFiles/cmTC_8d854.dir/CheckSymbolExists.cxx.o
/usr/bin/c++   -I/usr/include/qt4   -o CMakeFiles/cmTC_8d854.dir/CheckSymbolExists.cxx.o -c /home/salabeta/robocomp/components/robotica_ivan_enrique/roombaClaymore/CMakeFiles/CMakeTmp/CheckSymbolExists.cxx
/home/salabeta/robocomp/components/robotica_ivan_enrique/roombaClaymore/CMakeFiles/CMakeTmp/CheckSymbolExists.cxx: In function ‘int main(int, char**)’:
/home/salabeta/robocomp/components/robotica_ivan_enrique/roombaClaymore/CMakeFiles/CMakeTmp/CheckSymbolExists.cxx:8:19: error: ‘Q_WS_WIN’ was not declared in this scope
   return ((int*)(&Q_WS_WIN))[argc];
                   ^~~~~~~~
/home/salabeta/robocomp/components/robotica_ivan_enrique/roombaClaymore/CMakeFiles/CMakeTmp/CheckSymbolExists.cxx:8:19: note: suggested alternative: ‘Q_WS_X11’
   return ((int*)(&Q_WS_WIN))[argc];
                   ^~~~~~~~
                   Q_WS_X11
CMakeFiles/cmTC_8d854.dir/build.make:65: recipe for target 'CMakeFiles/cmTC_8d854.dir/CheckSymbolExists.cxx.o' failed
make[1]: *** [CMakeFiles/cmTC_8d854.dir/CheckSymbolExists.cxx.o] Error 1
make[1]: se sale del directorio '/home/salabeta/robocomp/components/robotica_ivan_enrique/roombaClaymore/CMakeFiles/CMakeTmp'
Makefile:126: recipe for target 'cmTC_8d854/fast' failed
make: *** [cmTC_8d854/fast] Error 2

File /home/salabeta/robocomp/components/robotica_ivan_enrique/roombaClaymore/CMakeFiles/CMakeTmp/CheckSymbolExists.cxx:
/* */
#include <QtCore/qglobal.h>

int main(int argc, char** argv)
{
  (void)argv;
#ifndef Q_WS_WIN
  return ((int*)(&Q_WS_WIN))[argc];
#else
  (void)argc;
  return 0;
#endif
}

Determining if the Q_WS_QWS exist failed with the following output:
Change Dir: /home/salabeta/robocomp/components/robotica_ivan_enrique/roombaClaymore/CMakeFiles/CMakeTmp

Run Build Command:"/usr/bin/make" "cmTC_340b4/fast"
/usr/bin/make -f CMakeFiles/cmTC_340b4.dir/build.make CMakeFiles/cmTC_340b4.dir/build
make[1]: se entra en el directorio '/home/salabeta/robocomp/components/robotica_ivan_enrique/roombaClaymore/CMakeFiles/CMakeTmp'
Building CXX object CMakeFiles/cmTC_340b4.dir/CheckSymbolExists.cxx.o
/usr/bin/c++   -I/usr/include/qt4   -o CMakeFiles/cmTC_340b4.dir/CheckSymbolExists.cxx.o -c /home/salabeta/robocomp/components/robotica_ivan_enrique/roombaClaymore/CMakeFiles/CMakeTmp/CheckSymbolExists.cxx
/home/salabeta/robocomp/components/robotica_ivan_enrique/roombaClaymore/CMakeFiles/CMakeTmp/CheckSymbolExists.cxx: In function ‘int main(int, char**)’:
/home/salabeta/robocomp/components/robotica_ivan_enrique/roombaClaymore/CMakeFiles/CMakeTmp/CheckSymbolExists.cxx:8:19: error: ‘Q_WS_QWS’ was not declared in this scope
   return ((int*)(&Q_WS_QWS))[argc];
                   ^~~~~~~~
/home/salabeta/robocomp/components/robotica_ivan_enrique/roombaClaymore/CMakeFiles/CMakeTmp/CheckSymbolExists.cxx:8:19: note: suggested alternative: ‘Q_WS_X11’
   return ((int*)(&Q_WS_QWS))[argc];
                   ^~~~~~~~
                   Q_WS_X11
CMakeFiles/cmTC_340b4.dir/build.make:65: recipe for target 'CMakeFiles/cmTC_340b4.dir/CheckSymbolExists.cxx.o' failed
make[1]: *** [CMakeFiles/cmTC_340b4.dir/CheckSymbolExists.cxx.o] Error 1
make[1]: se sale del directorio '/home/salabeta/robocomp/components/robotica_ivan_enrique/roombaClaymore/CMakeFiles/CMakeTmp'
Makefile:126: recipe for target 'cmTC_340b4/fast' failed
make: *** [cmTC_340b4/fast] Error 2

File /home/salabeta/robocomp/components/robotica_ivan_enrique/roombaClaymore/CMakeFiles/CMakeTmp/CheckSymbolExists.cxx:
/* */
#include <QtCore/qglobal.h>

int main(int argc, char** argv)
{
  (void)argv;
#ifndef Q_WS_QWS
  return ((int*)(&Q_WS_QWS))[argc];
#else
  (void)argc;
  return 0;
#endif
}

Determining if the Q_WS_MAC exist failed with the following output:
Change Dir: /home/salabeta/robocomp/components/robotica_ivan_enrique/roombaClaymore/CMakeFiles/CMakeTmp

Run Build Command:"/usr/bin/make" "cmTC_d3c0f/fast"
/usr/bin/make -f CMakeFiles/cmTC_d3c0f.dir/build.make CMakeFiles/cmTC_d3c0f.dir/build
make[1]: se entra en el directorio '/home/salabeta/robocomp/components/robotica_ivan_enrique/roombaClaymore/CMakeFiles/CMakeTmp'
Building CXX object CMakeFiles/cmTC_d3c0f.dir/CheckSymbolExists.cxx.o
/usr/bin/c++   -I/usr/include/qt4   -o CMakeFiles/cmTC_d3c0f.dir/CheckSymbolExists.cxx.o -c /home/salabeta/robocomp/components/robotica_ivan_enrique/roombaClaymore/CMakeFiles/CMakeTmp/CheckSymbolExists.cxx
/home/salabeta/robocomp/components/robotica_ivan_enrique/roombaClaymore/CMakeFiles/CMakeTmp/CheckSymbolExists.cxx: In function ‘int main(int, char**)’:
/home/salabeta/robocomp/components/robotica_ivan_enrique/roombaClaymore/CMakeFiles/CMakeTmp/CheckSymbolExists.cxx:8:19: error: ‘Q_WS_MAC’ was not declared in this scope
   return ((int*)(&Q_WS_MAC))[argc];
                   ^~~~~~~~
/home/salabeta/robocomp/components/robotica_ivan_enrique/roombaClaymore/CMakeFiles/CMakeTmp/CheckSymbolExists.cxx:8:19: note: suggested alternative: ‘Q_WS_X11’
   return ((int*)(&Q_WS_MAC))[argc];
                   ^~~~~~~~
                   Q_WS_X11
CMakeFiles/cmTC_d3c0f.dir/build.make:65: recipe for target 'CMakeFiles/cmTC_d3c0f.dir/CheckSymbolExists.cxx.o' failed
make[1]: *** [CMakeFiles/cmTC_d3c0f.dir/CheckSymbolExists.cxx.o] Error 1
make[1]: se sale del directorio '/home/salabeta/robocomp/components/robotica_ivan_enrique/roombaClaymore/CMakeFiles/CMakeTmp'
Makefile:126: recipe for target 'cmTC_d3c0f/fast' failed
make: *** [cmTC_d3c0f/fast] Error 2

File /home/salabeta/robocomp/components/robotica_ivan_enrique/roombaClaymore/CMakeFiles/CMakeTmp/CheckSymbolExists.cxx:
/* */
#include <QtCore/qglobal.h>

int main(int argc, char** argv)
{
  (void)argv;
#ifndef Q_WS_MAC
  return ((int*)(&Q_WS_MAC))[argc];
#else
  (void)argc;
  return 0;
#endif
}

Determining if the pthread_create exist failed with the following output:
Change Dir: /home/salabeta/robocomp/components/robotica_ivan_enrique/roombaClaymore/CMakeFiles/CMakeTmp

Run Build Command:"/usr/bin/make" "cmTC_77fe4/fast"
make[1]: se entra en el directorio '/home/salabeta/robocomp/components/robotica_ivan_enrique/roombaClaymore/CMakeFiles/CMakeTmp'
/usr/bin/make -f CMakeFiles/cmTC_77fe4.dir/build.make CMakeFiles/cmTC_77fe4.dir/build
make[2]: se entra en el directorio '/home/salabeta/robocomp/components/robotica_ivan_enrique/roombaClaymore/CMakeFiles/CMakeTmp'
Building C object CMakeFiles/cmTC_77fe4.dir/CheckSymbolExists.c.o
/usr/bin/cc    -o CMakeFiles/cmTC_77fe4.dir/CheckSymbolExists.c.o   -c /home/salabeta/robocomp/components/robotica_ivan_enrique/roombaClaymore/CMakeFiles/CMakeTmp/CheckSymbolExists.c
Linking C executable cmTC_77fe4
/usr/bin/cmake -E cmake_link_script CMakeFiles/cmTC_77fe4.dir/link.txt --verbose=1
/usr/bin/cc      -rdynamic CMakeFiles/cmTC_77fe4.dir/CheckSymbolExists.c.o  -o cmTC_77fe4 
CMakeFiles/cmTC_77fe4.dir/CheckSymbolExists.c.o: En la función `main':
CheckSymbolExists.c:(.text+0x1b): referencia a `pthread_create' sin definir
collect2: error: ld returned 1 exit status
CMakeFiles/cmTC_77fe4.dir/build.make:97: recipe for target 'cmTC_77fe4' failed
make[2]: *** [cmTC_77fe4] Error 1
make[2]: se sale del directorio '/home/salabeta/robocomp/components/robotica_ivan_enrique/roombaClaymore/CMakeFiles/CMakeTmp'
Makefile:126: recipe for target 'cmTC_77fe4/fast' failed
make[1]: *** [cmTC_77fe4/fast] Error 2
make[1]: se sale del directorio '/home/salabeta/robocomp/components/robotica_ivan_enrique/roombaClaymore/CMakeFiles/CMakeTmp'

File /home/salabeta/robocomp/components/robotica_ivan_enrique/roombaClaymore/CMakeFiles/CMakeTmp/CheckSymbolExists.c:
/* */
#include <pthread.h>

int main(int argc, char** argv)
{
  (void)argv;
#ifndef pthread_create
  return ((int*)(&pthread_create))[argc];
#else
  (void)argc;
  return 0;
#endif
}

Determining if the function pthread_create exists in the pthreads failed with the following output:
Change Dir: /home/salabeta/robocomp/components/robotica_ivan_enrique/roombaClaymore/CMakeFiles/CMakeTmp

Run Build Command:"/usr/bin/make" "cmTC_7089d/fast"
make[1]: se entra en el directorio '/home/salabeta/robocomp/components/robotica_ivan_enrique/roombaClaymore/CMakeFiles/CMakeTmp'
/usr/bin/make -f CMakeFiles/cmTC_7089d.dir/build.make CMakeFiles/cmTC_7089d.dir/build
make[2]: se entra en el directorio '/home/salabeta/robocomp/components/robotica_ivan_enrique/roombaClaymore/CMakeFiles/CMakeTmp'
Building C object CMakeFiles/cmTC_7089d.dir/CheckFunctionExists.c.o
/usr/bin/cc   -DCHECK_FUNCTION_EXISTS=pthread_create   -o CMakeFiles/cmTC_7089d.dir/CheckFunctionExists.c.o   -c /usr/share/cmake-3.10/Modules/CheckFunctionExists.c
Linking C executable cmTC_7089d
/usr/bin/cmake -E cmake_link_script CMakeFiles/cmTC_7089d.dir/link.txt --verbose=1
/usr/bin/cc  -DCHECK_FUNCTION_EXISTS=pthread_create    -rdynamic CMakeFiles/cmTC_7089d.dir/CheckFunctionExists.c.o  -o cmTC_7089d -lpthreads 
/usr/bin/ld: no se puede encontrar -lpthreads
collect2: error: ld returned 1 exit status
CMakeFiles/cmTC_7089d.dir/build.make:97: recipe for target 'cmTC_7089d' failed
make[2]: *** [cmTC_7089d] Error 1
make[2]: se sale del directorio '/home/salabeta/robocomp/components/robotica_ivan_enrique/roombaClaymore/CMakeFiles/CMakeTmp'
Makefile:126: recipe for target 'cmTC_7089d/fast' failed
make[1]: *** [cmTC_7089d/fast] Error 2
make[1]: se sale del directorio '/home/salabeta/robocomp/components/robotica_ivan_enrique/roombaClaymore/CMakeFiles/CMakeTmp'


Determining if the Q_WS_WIN exist failed with the following output:
Change Dir: /home/salabeta/robocomp/components/robotica_ivan_enrique/roombaClaymore/CMakeFiles/CMakeTmp

Run Build Command:"/usr/bin/make" "cmTC_a994d/fast"
make[1]: se entra en el directorio '/home/salabeta/robocomp/components/robotica_ivan_enrique/roombaClaymore/CMakeFiles/CMakeTmp'
/usr/bin/make -f CMakeFiles/cmTC_a994d.dir/build.make CMakeFiles/cmTC_a994d.dir/build
make[2]: se entra en el directorio '/home/salabeta/robocomp/components/robotica_ivan_enrique/roombaClaymore/CMakeFiles/CMakeTmp'
Building CXX object CMakeFiles/cmTC_a994d.dir/CheckSymbolExists.cxx.o
/usr/bin/c++   -I/usr/include/qt4   -o CMakeFiles/cmTC_a994d.dir/CheckSymbolExists.cxx.o -c /home/salabeta/robocomp/components/robotica_ivan_enrique/roombaClaymore/CMakeFiles/CMakeTmp/CheckSymbolExists.cxx
/home/salabeta/robocomp/components/robotica_ivan_enrique/roombaClaymore/CMakeFiles/CMakeTmp/CheckSymbolExists.cxx: In function ‘int main(int, char**)’:
/home/salabeta/robocomp/components/robotica_ivan_enrique/roombaClaymore/CMakeFiles/CMakeTmp/CheckSymbolExists.cxx:8:19: error: ‘Q_WS_WIN’ was not declared in this scope
   return ((int*)(&Q_WS_WIN))[argc];
                   ^~~~~~~~
/home/salabeta/robocomp/components/robotica_ivan_enrique/roombaClaymore/CMakeFiles/CMakeTmp/CheckSymbolExists.cxx:8:19: note: suggested alternative: ‘Q_WS_X11’
   return ((int*)(&Q_WS_WIN))[argc];
                   ^~~~~~~~
                   Q_WS_X11
CMakeFiles/cmTC_a994d.dir/build.make:65: recipe for target 'CMakeFiles/cmTC_a994d.dir/CheckSymbolExists.cxx.o' failed
make[2]: *** [CMakeFiles/cmTC_a994d.dir/CheckSymbolExists.cxx.o] Error 1
make[2]: se sale del directorio '/home/salabeta/robocomp/components/robotica_ivan_enrique/roombaClaymore/CMakeFiles/CMakeTmp'
Makefile:126: recipe for target 'cmTC_a994d/fast' failed
make[1]: *** [cmTC_a994d/fast] Error 2
make[1]: se sale del directorio '/home/salabeta/robocomp/components/robotica_ivan_enrique/roombaClaymore/CMakeFiles/CMakeTmp'

File /home/salabeta/robocomp/components/robotica_ivan_enrique/roombaClaymore/CMakeFiles/CMakeTmp/CheckSymbolExists.cxx:
/* */
#include <QtCore/qglobal.h>

int main(int argc, char** argv)
{
  (void)argv;
#ifndef Q_WS_WIN
  return ((int*)(&Q_WS_WIN))[argc];
#else
  (void)argc;
  return 0;
#endif
}

Determining if the Q_WS_QWS exist failed with the following output:
Change Dir: /home/salabeta/robocomp/components/robotica_ivan_enrique/roombaClaymore/CMakeFiles/CMakeTmp

Run Build Command:"/usr/bin/make" "cmTC_535a6/fast"
make[1]: se entra en el directorio '/home/salabeta/robocomp/components/robotica_ivan_enrique/roombaClaymore/CMakeFiles/CMakeTmp'
/usr/bin/make -f CMakeFiles/cmTC_535a6.dir/build.make CMakeFiles/cmTC_535a6.dir/build
make[2]: se entra en el directorio '/home/salabeta/robocomp/components/robotica_ivan_enrique/roombaClaymore/CMakeFiles/CMakeTmp'
Building CXX object CMakeFiles/cmTC_535a6.dir/CheckSymbolExists.cxx.o
/usr/bin/c++   -I/usr/include/qt4   -o CMakeFiles/cmTC_535a6.dir/CheckSymbolExists.cxx.o -c /home/salabeta/robocomp/components/robotica_ivan_enrique/roombaClaymore/CMakeFiles/CMakeTmp/CheckSymbolExists.cxx
/home/salabeta/robocomp/components/robotica_ivan_enrique/roombaClaymore/CMakeFiles/CMakeTmp/CheckSymbolExists.cxx: In function ‘int main(int, char**)’:
/home/salabeta/robocomp/components/robotica_ivan_enrique/roombaClaymore/CMakeFiles/CMakeTmp/CheckSymbolExists.cxx:8:19: error: ‘Q_WS_QWS’ was not declared in this scope
   return ((int*)(&Q_WS_QWS))[argc];
                   ^~~~~~~~
/home/salabeta/robocomp/components/robotica_ivan_enrique/roombaClaymore/CMakeFiles/CMakeTmp/CheckSymbolExists.cxx:8:19: note: suggested alternative: ‘Q_WS_X11’
   return ((int*)(&Q_WS_QWS))[argc];
                   ^~~~~~~~
                   Q_WS_X11
CMakeFiles/cmTC_535a6.dir/build.make:65: recipe for target 'CMakeFiles/cmTC_535a6.dir/CheckSymbolExists.cxx.o' failed
make[2]: *** [CMakeFiles/cmTC_535a6.dir/CheckSymbolExists.cxx.o] Error 1
make[2]: se sale del directorio '/home/salabeta/robocomp/components/robotica_ivan_enrique/roombaClaymore/CMakeFiles/CMakeTmp'
Makefile:126: recipe for target 'cmTC_535a6/fast' failed
make[1]: *** [cmTC_535a6/fast] Error 2
make[1]: se sale del directorio '/home/salabeta/robocomp/components/robotica_ivan_enrique/roombaClaymore/CMakeFiles/CMakeTmp'

File /home/salabeta/robocomp/components/robotica_ivan_enrique/roombaClaymore/CMakeFiles/CMakeTmp/CheckSymbolExists.cxx:
/* */
#include <QtCore/qglobal.h>

int main(int argc, char** argv)
{
  (void)argv;
#ifndef Q_WS_QWS
  return ((int*)(&Q_WS_QWS))[argc];
#else
  (void)argc;
  return 0;
#endif
}

Determining if the Q_WS_MAC exist failed with the following output:
Change Dir: /home/salabeta/robocomp/components/robotica_ivan_enrique/roombaClaymore/CMakeFiles/CMakeTmp

Run Build Command:"/usr/bin/make" "cmTC_3fdd5/fast"
make[1]: se entra en el directorio '/home/salabeta/robocomp/components/robotica_ivan_enrique/roombaClaymore/CMakeFiles/CMakeTmp'
/usr/bin/make -f CMakeFiles/cmTC_3fdd5.dir/build.make CMakeFiles/cmTC_3fdd5.dir/build
make[2]: se entra en el directorio '/home/salabeta/robocomp/components/robotica_ivan_enrique/roombaClaymore/CMakeFiles/CMakeTmp'
Building CXX object CMakeFiles/cmTC_3fdd5.dir/CheckSymbolExists.cxx.o
/usr/bin/c++   -I/usr/include/qt4   -o CMakeFiles/cmTC_3fdd5.dir/CheckSymbolExists.cxx.o -c /home/salabeta/robocomp/components/robotica_ivan_enrique/roombaClaymore/CMakeFiles/CMakeTmp/CheckSymbolExists.cxx
/home/salabeta/robocomp/components/robotica_ivan_enrique/roombaClaymore/CMakeFiles/CMakeTmp/CheckSymbolExists.cxx: In function ‘int main(int, char**)’:
/home/salabeta/robocomp/components/robotica_ivan_enrique/roombaClaymore/CMakeFiles/CMakeTmp/CheckSymbolExists.cxx:8:19: error: ‘Q_WS_MAC’ was not declared in this scope
   return ((int*)(&Q_WS_MAC))[argc];
                   ^~~~~~~~
/home/salabeta/robocomp/components/robotica_ivan_enrique/roombaClaymore/CMakeFiles/CMakeTmp/CheckSymbolExists.cxx:8:19: note: suggested alternative: ‘Q_WS_X11’
   return ((int*)(&Q_WS_MAC))[argc];
                   ^~~~~~~~
                   Q_WS_X11
CMakeFiles/cmTC_3fdd5.dir/build.make:65: recipe for target 'CMakeFiles/cmTC_3fdd5.dir/CheckSymbolExists.cxx.o' failed
make[2]: *** [CMakeFiles/cmTC_3fdd5.dir/CheckSymbolExists.cxx.o] Error 1
make[2]: se sale del directorio '/home/salabeta/robocomp/components/robotica_ivan_enrique/roombaClaymore/CMakeFiles/CMakeTmp'
Makefile:126: recipe for target 'cmTC_3fdd5/fast' failed
make[1]: *** [cmTC_3fdd5/fast] Error 2
make[1]: se sale del directorio '/home/salabeta/robocomp/components/robotica_ivan_enrique/roombaClaymore/CMakeFiles/CMakeTmp'

File /home/salabeta/robocomp/components/robotica_ivan_enrique/roombaClaymore/CMakeFiles/CMakeTmp/CheckSymbolExists.cxx:
/* */
#include <QtCore/qglobal.h>

int main(int argc, char** argv)
{
  (void)argv;
#ifndef Q_WS_MAC
  return ((int*)(&Q_WS_MAC))[argc];
#else
  (void)argc;
  return 0;
#endif
}

